<?xml version="1.0" encoding="UTF-8"?>
<robot generator="Robot 4.1.2 (Python 3.10.0 on win32)" generated="20211026 20:14:10.869" rpa="false" schemaversion="2">
<suite id="s1" name="Robot-Comandos-De-Linha" source="C:\Users\PICHAU\Documents\Programação\Prime-Robot\Prime-Expert-Curso\robot-comandos-de-linha">
<suite id="s1-s1" name="Exercicios-variaveis" source="C:\Users\PICHAU\Documents\Programação\Prime-Robot\Prime-Expert-Curso\robot-comandos-de-linha\Exercicios-variaveis.robot">
<test id="s1-s1-t1" name="Cenario 1">
<kw name="Log To Console" library="BuiltIn">
<arg>&amp;{pessoa}</arg>
<doc>Logs the given message to the console.</doc>
<msg timestamp="20211026 20:14:10.889" level="FAIL">Keyword 'BuiltIn.Log To Console' expected 1 to 3 arguments, got 0.</msg>
<status status="FAIL" starttime="20211026 20:14:10.889" endtime="20211026 20:14:10.889"/>
</kw>
<status status="FAIL" starttime="20211026 20:14:10.889" endtime="20211026 20:14:10.889">Keyword 'BuiltIn.Log To Console' expected 1 to 3 arguments, got 0.</status>
</test>
<status status="FAIL" starttime="20211026 20:14:10.887" endtime="20211026 20:14:10.890"/>
</suite>
<status status="FAIL" starttime="20211026 20:14:10.870" endtime="20211026 20:14:10.891"/>
</suite>
<statistics>
<total>
<stat pass="0" fail="1" skip="0">All Tests</stat>
</total>
<tag>
</tag>
<suite>
<stat pass="0" fail="1" skip="0" id="s1" name="Robot-Comandos-De-Linha">Robot-Comandos-De-Linha</stat>
<stat pass="0" fail="1" skip="0" id="s1-s1" name="Exercicios-variaveis">Robot-Comandos-De-Linha.Exercicios-variaveis</stat>
</suite>
</statistics>
<errors>
</errors>
</robot>
