<?xml version="1.0" encoding="UTF-8"?>
<robot generator="Robot 4.1.2 (Python 3.10.0 on win32)" generated="20211030 01:24:40.866" rpa="false" schemaversion="2">
<suite id="s1" name="Api" source="C:\Users\PICHAU\Documents\Programação\Prime-Robot\Prime-Expert-Curso\api">
<suite id="s1-s1" name="Test Api" source="C:\Users\PICHAU\Documents\Programação\Prime-Robot\Prime-Expert-Curso\api\test_api.robot">
<test id="s1-s1-t1" name="Brincando com API">
<kw name="Criar uma requisição GET para lista de usuarios" library="resource">
<msg timestamp="20211030 01:24:40.947" level="TRACE">Arguments: [  ]</msg>
<kw name="Catenate" library="BuiltIn">
<var>${url_completa}</var>
<arg>${url}${recursos}${end_point}</arg>
<doc>Catenates the given items together and returns the resulted string.</doc>
<msg timestamp="20211030 01:24:40.947" level="TRACE">Arguments: [ 'https://gorest.co.in//public/v1/users' ]</msg>
<msg timestamp="20211030 01:24:40.947" level="TRACE">Return: 'https://gorest.co.in//public/v1/users'</msg>
<msg timestamp="20211030 01:24:40.947" level="INFO">${url_completa} = https://gorest.co.in//public/v1/users</msg>
<status status="PASS" starttime="20211030 01:24:40.947" endtime="20211030 01:24:40.947"/>
</kw>
<kw name="GET" library="RequestsLibrary">
<var>${resposta_get}</var>
<arg>url=${url_completa}</arg>
<arg>headers=&amp;{Headers}</arg>
<doc>Sends a GET request.</doc>
<msg timestamp="20211030 01:24:40.948" level="FAIL">Variable '&amp;{Headers}' not found.</msg>
<status status="FAIL" starttime="20211030 01:24:40.947" endtime="20211030 01:24:40.948"/>
</kw>
<kw name="Set Test Variable" library="BuiltIn">
<arg>${resposta}</arg>
<arg>${resposta_get.json()}</arg>
<doc>Makes a variable available everywhere within the scope of the current test.</doc>
<status status="NOT RUN" starttime="20211030 01:24:40.949" endtime="20211030 01:24:40.949"/>
</kw>
<status status="FAIL" starttime="20211030 01:24:40.947" endtime="20211030 01:24:40.949"/>
</kw>
<kw name="Imprimir a lista de usuarios" library="resource">
<status status="NOT RUN" starttime="20211030 01:24:40.949" endtime="20211030 01:24:40.949"/>
</kw>
<status status="FAIL" starttime="20211030 01:24:40.946" endtime="20211030 01:24:40.949">Variable '&amp;{Headers}' not found.</status>
</test>
<status status="FAIL" starttime="20211030 01:24:40.883" endtime="20211030 01:24:40.950"/>
</suite>
<status status="FAIL" starttime="20211030 01:24:40.867" endtime="20211030 01:24:40.951"/>
</suite>
<statistics>
<total>
<stat pass="0" fail="1" skip="0">All Tests</stat>
</total>
<tag>
</tag>
<suite>
<stat pass="0" fail="1" skip="0" id="s1" name="Api">Api</stat>
<stat pass="0" fail="1" skip="0" id="s1-s1" name="Test Api">Api.Test Api</stat>
</suite>
</statistics>
<errors>
<msg timestamp="20211030 01:24:40.885" level="ERROR">Error in file 'C:\Users\PICHAU\Documents\Programação\Prime-Robot\Prime-Expert-Curso\api\resource.robot' on line 8: Setting variable '&amp;{Headers}' failed: Invalid dictionary variable item 'Content-Type:application/json'. Items must use 'name=value' syntax or be dictionary variables themselves.</msg>
</errors>
</robot>
