<?xml version="1.0" encoding="UTF-8"?>
<robot generator="Robot 4.1.2 (Python 3.10.0 on win32)" generated="20211026 21:45:20.574" rpa="false" schemaversion="2">
<suite id="s1" name="Variaveis" source="C:\Users\PICHAU\Documents\Programação\Prime-Robot\Prime-Expert-Curso\variaveis">
<suite id="s1-s1" name="Exercicios-variaveis" source="C:\Users\PICHAU\Documents\Programação\Prime-Robot\Prime-Expert-Curso\variaveis\Exercicios-variaveis.robot">
<test id="s1-s1-t1" name="Cenario 1: brincando com dicionarios criando uma pessoa pela keyword">
<kw name="criando meu dicionario" library="resource">
<kw name="Create Dictionary" library="BuiltIn">
<var>&amp;{criando_pessoa}</var>
<arg>nome=Bruno</arg>
<arg>sobrenome=Oliveira</arg>
<arg>idade=28 estado=RJ</arg>
<arg>altura=1.66</arg>
<arg>hobby=games</arg>
<doc>Creates and returns a dictionary based on the given ``items``.</doc>
<msg timestamp="20211026 21:45:20.601" level="INFO">&amp;{criando_pessoa} = { nome=Bruno | sobrenome=Oliveira | idade=28 estado=RJ | altura=1.66 | hobby=games }</msg>
<status status="PASS" starttime="20211026 21:45:20.601" endtime="20211026 21:45:20.601"/>
</kw>
<kw name="Set Test Variable" library="BuiltIn">
<arg>&amp;{criando_pessoa}</arg>
<doc>Makes a variable available everywhere within the scope of the current test.</doc>
<msg timestamp="20211026 21:45:20.602" level="INFO">&amp;{criando_pessoa} = { nome=Bruno | sobrenome=Oliveira | idade=28 estado=RJ | altura=1.66 | hobby=games }</msg>
<status status="PASS" starttime="20211026 21:45:20.601" endtime="20211026 21:45:20.602"/>
</kw>
<status status="PASS" starttime="20211026 21:45:20.601" endtime="20211026 21:45:20.602"/>
</kw>
<kw name="imprimir este dicionario" library="resource">
<kw name="Log To Console" library="BuiltIn">
<arg>\n\nImprimindo pessoa:&amp;{criando_pessoa}\n</arg>
<doc>Logs the given message to the console.</doc>
<status status="PASS" starttime="20211026 21:45:20.602" endtime="20211026 21:45:20.603"/>
</kw>
<status status="PASS" starttime="20211026 21:45:20.602" endtime="20211026 21:45:20.603"/>
</kw>
<status status="PASS" starttime="20211026 21:45:20.600" endtime="20211026 21:45:20.603"/>
</test>
<test id="s1-s1-t2" name="Cenario 2: brincando com dicionarios imprimindo uma pessoa">
<kw name="imprimir pessoa" library="resource">
<kw name="Log To Console" library="BuiltIn">
<arg>\n\nImprimindo pessoa: ${pessoa}\n</arg>
<doc>Logs the given message to the console.</doc>
<status status="PASS" starttime="20211026 21:45:20.604" endtime="20211026 21:45:20.604"/>
</kw>
<status status="PASS" starttime="20211026 21:45:20.604" endtime="20211026 21:45:20.604"/>
</kw>
<status status="PASS" starttime="20211026 21:45:20.603" endtime="20211026 21:45:20.604"/>
</test>
<test id="s1-s1-t3" name="Cenario 3: imprimindo minha lista de frutas">
<kw name="imprimir lista de frutas" library="resource">
<kw name="Log To Console" library="BuiltIn">
<arg>\n\nImprimindo lista de frutas:@{frutas}\n</arg>
<doc>Logs the given message to the console.</doc>
<status status="PASS" starttime="20211026 21:45:20.605" endtime="20211026 21:45:20.605"/>
</kw>
<status status="PASS" starttime="20211026 21:45:20.605" endtime="20211026 21:45:20.605"/>
</kw>
<tag>frutas</tag>
<status status="PASS" starttime="20211026 21:45:20.605" endtime="20211026 21:45:20.606"/>
</test>
<status status="PASS" starttime="20211026 21:45:20.592" endtime="20211026 21:45:20.606"/>
</suite>
<status status="PASS" starttime="20211026 21:45:20.575" endtime="20211026 21:45:20.607"/>
</suite>
<statistics>
<total>
<stat pass="3" fail="0" skip="0">All Tests</stat>
</total>
<tag>
<stat pass="1" fail="0" skip="0">frutas</stat>
</tag>
<suite>
<stat pass="3" fail="0" skip="0" id="s1" name="Variaveis">Variaveis</stat>
<stat pass="3" fail="0" skip="0" id="s1-s1" name="Exercicios-variaveis">Variaveis.Exercicios-variaveis</stat>
</suite>
</statistics>
<errors>
</errors>
</robot>
